<?xml version="1.0" encoding="UTF-8"?>
<!-- Generated by org.testng.reporters.JUnitReportReporter -->
<testsuite hostname="empire" name="com.devmate.tests.Test1" tests="1" failures="0" timestamp="12 Oct 2014 15:28:06 GMT" time="5.123" errors="0">
  <testcase name="test1" time="5.123" classname="com.devmate.tests.Test1"/>
</testsuite>
